0 info it worked if it ends with ok
1 verbose cli [ 'node', '/usr/local/bin/npm', 'start' ]
2 info using npm@1.4.27
3 info using node@v0.10.32
4 verbose node symlink /usr/bin/node
5 verbose run-script [ 'prestart', 'start', 'poststart' ]
6 info prestart klyukin@0.0.0
7 info start klyukin@0.0.0
8 verbose unsafe-perm in lifecycle true
9 info klyukin@0.0.0 Failed to exec start script
10 error klyukin@0.0.0 start: `node server/app.js`
10 error Exit status 8
11 error Failed at the klyukin@0.0.0 start script.
11 error This is most likely a problem with the klyukin package,
11 error not with npm itself.
11 error Tell the author that this fails on your system:
11 error     node server/app.js
11 error You can get their info via:
11 error     npm owner ls klyukin
11 error There is likely additional logging output above.
12 error System Linux 3.13.0-37-generic
13 error command "node" "/usr/local/bin/npm" "start"
14 error cwd /usr/share/nginx/html/resume
15 error node -v v0.10.32
16 error npm -v 1.4.27
17 error code ELIFECYCLE
18 verbose exit [ 1, true ]
